[INFO ] 2025-06-14 11:34:31.386 [main] PageDriver-27 - Chrome browser launched.
[INFO ] 2025-06-14 11:34:31.505 [main] PageDriver-44 - Browser maximised.
[INFO ] 2025-06-14 11:34:31.542 [main] PageDriver-46 - Implicit wait set to 15 seconds.
[INFO ] 2025-06-14 11:34:31.562 [main] PageDriver-48 - Page load timeout set to 25 seconds.
[INFO ] 2025-06-14 11:34:31.593 [main] PageDriver-50 - All browser cookies deleted.
[INFO ] 2025-06-14 11:34:31.593 [main] PageDriver-51 - WebDriver initialization complete.
[INFO ] 2025-06-14 11:34:31.596 [main] BaseTest-23 - Navigating to url: 'https://automationexercise.com'
[INFO ] 2025-06-14 11:34:35.085 [main] ReportListeners-25 - ********** Execution of 'testToRegisterUserWithNewEmail' test has started **********
[INFO ] 2025-06-14 11:34:35.090 [main] ReportListeners-26 - Test description -'Test Case 1: Register User'.
[INFO ] 2025-06-14 11:34:37.006 [main] HomePage-42 - Home page is visible.
[INFO ] 2025-06-14 11:34:41.387 [main] HomePage-54 - Clicked on Signup / Login Link.
[INFO ] 2025-06-14 11:34:41.603 [main] SignupLoginPage-131 - New user signup label is displayed on the Signup / login page
[INFO ] 2025-06-14 11:34:42.083 [main] SignupLoginPage-142 - New user signup text retrived is 'New User Signup!'.
[INFO ] 2025-06-14 11:34:42.448 [main] SignupLoginPage-155 - 'johndoe03' entered in the signup name text box.
[INFO ] 2025-06-14 11:34:42.766 [main] SignupLoginPage-168 - 'johndoe03@email.com' entered in the signup email text box.
[INFO ] 2025-06-14 11:34:43.086 [main] SignupLoginPage-181 - Clicked on the Signup button.
[INFO ] 2025-06-14 11:34:50.247 [main] SignupPage-324 - Account information header is displayed on the Signup page
[INFO ] 2025-06-14 11:34:50.380 [main] SignupPage-335 - Account information header text retrived is 'ENTER ACCOUNT INFORMATION'.
[INFO ] 2025-06-14 11:34:50.822 [main] SignupPage-49 - Clicked on the title: Mr
[INFO ] 2025-06-14 11:34:51.208 [main] SignupPage-61 - 'johndoe' entered in the password text box.
[INFO ] 2025-06-14 11:34:51.680 [main] SignupPage-75 - '15' selected in the day dropdown list box.
[INFO ] 2025-06-14 11:34:52.059 [main] SignupPage-89 - 'August' selected in the month dropdown list box.
[INFO ] 2025-06-14 11:34:52.451 [main] SignupPage-103 - '1990' selected in the year dropdown list box.
[INFO ] 2025-06-14 11:34:52.829 [main] SignupPage-117 - NewsLetter checkbox selected.
[INFO ] 2025-06-14 11:34:53.153 [main] SignupPage-133 - Speical offer checkbox selected.
[INFO ] 2025-06-14 11:34:53.441 [main] SignupPage-148 - 'John' entered in the firstName text box.
[INFO ] 2025-06-14 11:34:53.827 [main] SignupPage-161 - 'Doe' entered in the lastName text box.
[INFO ] 2025-06-14 11:34:54.546 [main] SignupPage-174 - 'The Lawrence Company' entered in the company text box.
[INFO ] 2025-06-14 11:34:55.601 [main] SignupPage-187 - '1379, Spring Hill Rd' entered in the address1 text box.
[INFO ] 2025-06-14 11:34:56.280 [main] SignupPage-200 - 'Farend avenue' entered in the address2 text box.
[INFO ] 2025-06-14 11:34:57.050 [main] SignupPage-214 - 'United States' selected in the country dropdown list box.
[INFO ] 2025-06-14 11:34:58.235 [main] SignupPage-227 - 'AR' entered in the state text box.
[INFO ] 2025-06-14 11:34:59.308 [main] SignupPage-239 - 'Shreveport' entered in the city text box.
[INFO ] 2025-06-14 11:35:00.306 [main] SignupPage-251 - '50576' entered in the zipcode text box.
[INFO ] 2025-06-14 11:35:01.078 [main] SignupPage-264 - '9999999999' entered in the mobile number text box.
[INFO ] 2025-06-14 11:35:04.491 [main] SignupPage-277 - Clicked on the Create Account button.
[INFO ] 2025-06-14 11:35:04.492 [main] SignupPage-278 - Navigating to Account created page.
[INFO ] 2025-06-14 11:35:05.126 [main] AccountCreatedPage-24 - Account created page header is displayed on the Account created page
[INFO ] 2025-06-14 11:35:05.630 [main] AccountCreatedPage-35 - Account created header text retrived is 'ACCOUNT CREATED!'.
[INFO ] 2025-06-14 11:35:12.681 [main] AccountCreatedPage-47 - Clicked on the Continue button.
[INFO ] 2025-06-14 11:35:12.682 [main] AccountCreatedPage-48 - Navigating to Home page.
[INFO ] 2025-06-14 11:35:12.784 [main] HomePage-90 - 'Logged in as username' label is displayed on home page.
[INFO ] 2025-06-14 11:35:12.912 [main] HomePage-101 - 'Logged in as username' text retrived is 'Logged in as johndoe03'.
[INFO ] 2025-06-14 11:35:15.191 [main] HomePage-66 - Clicked on Delete Account Link.
[INFO ] 2025-06-14 11:35:15.192 [main] HomePage-67 - Navigating to Account deleted page.
[INFO ] 2025-06-14 11:35:16.034 [main] AccountDeletedPage-24 - Account deleted label is displayed on the Account deleted page
[INFO ] 2025-06-14 11:35:16.335 [main] AccountDeletedPage-35 - Account deleted label text retrived is 'ACCOUNT DELETED!'.
[INFO ] 2025-06-14 11:35:25.296 [main] AccountDeletedPage-47 - Clicked on the Continue button.
[INFO ] 2025-06-14 11:35:25.296 [main] AccountDeletedPage-48 - Navigating to Home page.
[INFO ] 2025-06-14 11:35:25.452 [main] HomePage-42 - Home page is visible.
[INFO ] 2025-06-14 11:35:25.985 [main] ReportListeners-31 - ********** Execution of 'testToRegisterUserWithNewEmail' test has passed **********
[INFO ] 2025-06-14 11:35:26.013 [main] BaseTest-29 - Quitting the browser.
[INFO ] 2025-06-14 11:35:29.286 [main] PageDriver-27 - Chrome browser launched.
[INFO ] 2025-06-14 11:35:29.412 [main] PageDriver-44 - Browser maximised.
[INFO ] 2025-06-14 11:35:29.433 [main] PageDriver-46 - Implicit wait set to 15 seconds.
[INFO ] 2025-06-14 11:35:29.461 [main] PageDriver-48 - Page load timeout set to 25 seconds.
[INFO ] 2025-06-14 11:35:29.487 [main] PageDriver-50 - All browser cookies deleted.
[INFO ] 2025-06-14 11:35:29.488 [main] PageDriver-51 - WebDriver initialization complete.
[INFO ] 2025-06-14 11:35:29.489 [main] BaseTest-23 - Navigating to url: 'https://automationexercise.com'
[INFO ] 2025-06-14 11:35:33.803 [main] ReportListeners-25 - ********** Execution of 'testToRegisterUserWithExistingEmail' test has started **********
[INFO ] 2025-06-14 11:35:33.804 [main] ReportListeners-26 - Test description -'Test Case 5: Register User with existing email.'.
[INFO ] 2025-06-14 11:35:34.197 [main] HomePage-42 - Home page is visible.
[INFO ] 2025-06-14 11:35:35.889 [main] HomePage-54 - Clicked on Signup / Login Link.
[INFO ] 2025-06-14 11:35:36.288 [main] SignupLoginPage-131 - New user signup label is displayed on the Signup / login page
[INFO ] 2025-06-14 11:35:36.420 [main] SignupLoginPage-142 - New user signup text retrived is 'New User Signup!'.
[INFO ] 2025-06-14 11:35:36.794 [main] SignupLoginPage-155 - 'Johndoe01' entered in the signup name text box.
[INFO ] 2025-06-14 11:35:37.094 [main] SignupLoginPage-168 - 'johndoe01@email.com' entered in the signup email text box.
[INFO ] 2025-06-14 11:35:38.541 [main] SignupLoginPage-181 - Clicked on the Signup button.
[INFO ] 2025-06-14 11:35:38.919 [main] SignupLoginPage-192 - Signup error label is displayed on the Signup / login page
[INFO ] 2025-06-14 11:35:39.037 [main] SignupLoginPage-203 - Signup error text retrived is 'Email Address already exist!'.
[INFO ] 2025-06-14 11:35:39.122 [main] ReportListeners-31 - ********** Execution of 'testToRegisterUserWithExistingEmail' test has passed **********
[INFO ] 2025-06-14 11:35:39.132 [main] BaseTest-29 - Quitting the browser.
[INFO ] 2025-06-14 11:35:41.926 [main] PageDriver-27 - Chrome browser launched.
[INFO ] 2025-06-14 11:35:42.045 [main] PageDriver-44 - Browser maximised.
[INFO ] 2025-06-14 11:35:42.071 [main] PageDriver-46 - Implicit wait set to 15 seconds.
[INFO ] 2025-06-14 11:35:42.092 [main] PageDriver-48 - Page load timeout set to 25 seconds.
[INFO ] 2025-06-14 11:35:42.125 [main] PageDriver-50 - All browser cookies deleted.
[INFO ] 2025-06-14 11:35:42.126 [main] PageDriver-51 - WebDriver initialization complete.
[INFO ] 2025-06-14 11:35:42.128 [main] BaseTest-23 - Navigating to url: 'https://automationexercise.com'
[INFO ] 2025-06-14 11:35:45.829 [main] ReportListeners-25 - ********** Execution of 'verifyLoginWithCorrectEmailAndPassword' test has started **********
[INFO ] 2025-06-14 11:35:45.831 [main] ReportListeners-26 - Test description -'Test Case 2: Login User with correct email and password'.
[INFO ] 2025-06-14 11:35:45.832 [main] BaseTest-34 - Creating user 'johndoe04' for testing.
[INFO ] 2025-06-14 11:35:47.607 [main] HomePage-54 - Clicked on Signup / Login Link.
[INFO ] 2025-06-14 11:35:48.267 [main] SignupLoginPage-155 - 'johndoe04' entered in the signup name text box.
[INFO ] 2025-06-14 11:35:48.554 [main] SignupLoginPage-168 - 'johndoe04@email.com' entered in the signup email text box.
[INFO ] 2025-06-14 11:35:50.725 [main] SignupLoginPage-181 - Clicked on the Signup button.
[INFO ] 2025-06-14 11:35:51.541 [main] SignupPage-49 - Clicked on the title: Mr
[INFO ] 2025-06-14 11:35:51.872 [main] SignupPage-61 - 'johndoe' entered in the password text box.
[INFO ] 2025-06-14 11:35:52.351 [main] SignupPage-75 - '15' selected in the day dropdown list box.
[INFO ] 2025-06-14 11:35:52.753 [main] SignupPage-89 - 'August' selected in the month dropdown list box.
[INFO ] 2025-06-14 11:35:53.093 [main] SignupPage-103 - '1990' selected in the year dropdown list box.
[INFO ] 2025-06-14 11:35:53.388 [main] SignupPage-117 - NewsLetter checkbox selected.
[INFO ] 2025-06-14 11:35:53.718 [main] SignupPage-133 - Speical offer checkbox selected.
[INFO ] 2025-06-14 11:35:53.998 [main] SignupPage-148 - 'John' entered in the firstName text box.
[INFO ] 2025-06-14 11:35:54.300 [main] SignupPage-161 - 'Doe' entered in the lastName text box.
[INFO ] 2025-06-14 11:35:54.697 [main] SignupPage-174 - 'The Lawrence Company' entered in the company text box.
[INFO ] 2025-06-14 11:35:55.115 [main] SignupPage-187 - '1379, Spring Hill Rd' entered in the address1 text box.
[INFO ] 2025-06-14 11:35:55.440 [main] SignupPage-200 - 'Farend avenue' entered in the address2 text box.
[INFO ] 2025-06-14 11:35:55.754 [main] SignupPage-214 - 'United States' selected in the country dropdown list box.
[INFO ] 2025-06-14 11:35:56.054 [main] SignupPage-227 - 'AR' entered in the state text box.
[INFO ] 2025-06-14 11:35:56.661 [main] SignupPage-239 - 'Shreveport' entered in the city text box.
[INFO ] 2025-06-14 11:35:56.964 [main] SignupPage-251 - '50576' entered in the zipcode text box.
[INFO ] 2025-06-14 11:35:57.293 [main] SignupPage-264 - '9999999999' entered in the mobile number text box.
[INFO ] 2025-06-14 11:35:57.588 [main] SignupPage-277 - Clicked on the Create Account button.
[INFO ] 2025-06-14 11:35:57.589 [main] SignupPage-278 - Navigating to Account created page.
[INFO ] 2025-06-14 11:36:02.621 [main] AccountCreatedPage-47 - Clicked on the Continue button.
[INFO ] 2025-06-14 11:36:02.621 [main] AccountCreatedPage-48 - Navigating to Home page.
[INFO ] 2025-06-14 11:36:04.424 [main] HomePage-113 - Clicked on Logout Link.
[INFO ] 2025-06-14 11:36:04.428 [main] HomePage-114 - Navigating to Signup / Login page.
[INFO ] 2025-06-14 11:36:07.124 [main] SignupLoginPage-216 - Clicked on Home Link.
[INFO ] 2025-06-14 11:36:07.200 [main] HomePage-42 - Home page is visible.
[INFO ] 2025-06-14 11:36:08.388 [main] HomePage-54 - Clicked on Signup / Login Link.
[INFO ] 2025-06-14 11:36:08.794 [main] SignupLoginPage-36 - Login To Your Account Label is displayed on the Signup / login page
[INFO ] 2025-06-14 11:36:08.952 [main] SignupLoginPage-47 - Login To Your Account Label text retrived is 'Login to your account'.
[INFO ] 2025-06-14 11:36:10.326 [main] HomePage-54 - Clicked on Signup / Login Link.
[INFO ] 2025-06-14 11:36:10.952 [main] SignupLoginPage-60 - 'johndoe04@email.com' entered in the login email text box.
[INFO ] 2025-06-14 11:36:11.204 [main] SignupLoginPage-73 - 'johndoe' entered in the login password text box.
[INFO ] 2025-06-14 11:36:13.545 [main] SignupLoginPage-86 - Clicked on the Login button.
[INFO ] 2025-06-14 11:36:13.940 [main] HomePage-90 - 'Logged in as username' label is displayed on home page.
[INFO ] 2025-06-14 11:36:14.141 [main] HomePage-101 - 'Logged in as username' text retrived is 'Logged in as johndoe04'.
[INFO ] 2025-06-14 11:36:15.749 [main] HomePage-66 - Clicked on Delete Account Link.
[INFO ] 2025-06-14 11:36:15.750 [main] HomePage-67 - Navigating to Account deleted page.
[INFO ] 2025-06-14 11:36:15.914 [main] AccountDeletedPage-24 - Account deleted label is displayed on the Account deleted page
[INFO ] 2025-06-14 11:36:16.198 [main] AccountDeletedPage-35 - Account deleted label text retrived is 'ACCOUNT DELETED!'.
[INFO ] 2025-06-14 11:36:16.282 [main] ReportListeners-31 - ********** Execution of 'verifyLoginWithCorrectEmailAndPassword' test has passed **********
[INFO ] 2025-06-14 11:36:16.291 [main] BaseTest-29 - Quitting the browser.
[INFO ] 2025-06-14 11:36:19.384 [main] PageDriver-27 - Chrome browser launched.
[INFO ] 2025-06-14 11:36:19.483 [main] PageDriver-44 - Browser maximised.
[INFO ] 2025-06-14 11:36:19.507 [main] PageDriver-46 - Implicit wait set to 15 seconds.
[INFO ] 2025-06-14 11:36:19.521 [main] PageDriver-48 - Page load timeout set to 25 seconds.
[INFO ] 2025-06-14 11:36:19.554 [main] PageDriver-50 - All browser cookies deleted.
[INFO ] 2025-06-14 11:36:19.555 [main] PageDriver-51 - WebDriver initialization complete.
[INFO ] 2025-06-14 11:36:19.556 [main] BaseTest-23 - Navigating to url: 'https://automationexercise.com'
[INFO ] 2025-06-14 11:36:23.051 [main] ReportListeners-25 - ********** Execution of 'verifyLoginWithIncorrectEmailAndPassword' test has started **********
[INFO ] 2025-06-14 11:36:23.052 [main] ReportListeners-26 - Test description -'Test Case 3: Login User with incorrect email and password'.
[INFO ] 2025-06-14 11:36:23.717 [main] HomePage-42 - Home page is visible.
[INFO ] 2025-06-14 11:36:25.179 [main] HomePage-54 - Clicked on Signup / Login Link.
[INFO ] 2025-06-14 11:36:25.568 [main] SignupLoginPage-36 - Login To Your Account Label is displayed on the Signup / login page
[INFO ] 2025-06-14 11:36:25.706 [main] SignupLoginPage-47 - Login To Your Account Label text retrived is 'Login to your account'.
[INFO ] 2025-06-14 11:36:27.296 [main] HomePage-54 - Clicked on Signup / Login Link.
[INFO ] 2025-06-14 11:36:28.032 [main] SignupLoginPage-60 - 'johndoexx@email.com' entered in the login email text box.
[INFO ] 2025-06-14 11:36:28.303 [main] SignupLoginPage-73 - 'johndoe' entered in the login password text box.
[INFO ] 2025-06-14 11:36:29.872 [main] SignupLoginPage-86 - Clicked on the Login button.
[INFO ] 2025-06-14 11:36:30.251 [main] SignupLoginPage-97 - Login error label is displayed on the Signup / login page
[INFO ] 2025-06-14 11:36:30.357 [main] SignupLoginPage-108 - Login error text retrived is 'Your email or password is incorrect!'.
[INFO ] 2025-06-14 11:36:30.383 [main] ReportListeners-31 - ********** Execution of 'verifyLoginWithIncorrectEmailAndPassword' test has passed **********
[INFO ] 2025-06-14 11:36:30.393 [main] BaseTest-29 - Quitting the browser.
[INFO ] 2025-06-14 11:36:33.016 [main] PageDriver-27 - Chrome browser launched.
[INFO ] 2025-06-14 11:36:33.117 [main] PageDriver-44 - Browser maximised.
[INFO ] 2025-06-14 11:36:33.136 [main] PageDriver-46 - Implicit wait set to 15 seconds.
[INFO ] 2025-06-14 11:36:33.147 [main] PageDriver-48 - Page load timeout set to 25 seconds.
[INFO ] 2025-06-14 11:36:33.210 [main] PageDriver-50 - All browser cookies deleted.
[INFO ] 2025-06-14 11:36:33.211 [main] PageDriver-51 - WebDriver initialization complete.
[INFO ] 2025-06-14 11:36:33.213 [main] BaseTest-23 - Navigating to url: 'https://automationexercise.com'
[INFO ] 2025-06-14 11:36:40.359 [main] ReportListeners-25 - ********** Execution of 'testToLogoutUser' test has started **********
[INFO ] 2025-06-14 11:36:40.360 [main] ReportListeners-26 - Test description -'Test Case 4: Logout User'.
[INFO ] 2025-06-14 11:36:40.732 [main] HomePage-42 - Home page is visible.
[INFO ] 2025-06-14 11:36:44.364 [main] HomePage-54 - Clicked on Signup / Login Link.
[INFO ] 2025-06-14 11:36:45.040 [main] SignupLoginPage-36 - Login To Your Account Label is displayed on the Signup / login page
[INFO ] 2025-06-14 11:36:45.546 [main] SignupLoginPage-47 - Login To Your Account Label text retrived is 'Login to your account'.
[INFO ] 2025-06-14 11:36:52.262 [main] HomePage-54 - Clicked on Signup / Login Link.
[INFO ] 2025-06-14 11:36:52.652 [main] SignupLoginPage-60 - 'johndoe02@email.com' entered in the login email text box.
[INFO ] 2025-06-14 11:36:52.949 [main] SignupLoginPage-73 - 'johndoe' entered in the login password text box.
[INFO ] 2025-06-14 11:36:53.249 [main] SignupLoginPage-86 - Clicked on the Login button.
[INFO ] 2025-06-14 11:37:00.547 [main] HomePage-90 - 'Logged in as username' label is displayed on home page.
[INFO ] 2025-06-14 11:37:00.694 [main] HomePage-101 - 'Logged in as username' text retrived is 'Logged in as johndoe02'.
[INFO ] 2025-06-14 11:37:02.765 [main] HomePage-113 - Clicked on Logout Link.
[INFO ] 2025-06-14 11:37:02.766 [main] HomePage-114 - Navigating to Signup / Login page.
[INFO ] 2025-06-14 11:37:03.374 [main] SignupLoginPage-120 - Signup / Login page is displayed.
[INFO ] 2025-06-14 11:37:03.416 [main] ReportListeners-31 - ********** Execution of 'testToLogoutUser' test has passed **********
[INFO ] 2025-06-14 11:37:03.427 [main] BaseTest-29 - Quitting the browser.
[INFO ] 2025-06-14 11:37:06.213 [main] PageDriver-27 - Chrome browser launched.
[INFO ] 2025-06-14 11:37:06.328 [main] PageDriver-44 - Browser maximised.
[INFO ] 2025-06-14 11:37:06.347 [main] PageDriver-46 - Implicit wait set to 15 seconds.
[INFO ] 2025-06-14 11:37:06.357 [main] PageDriver-48 - Page load timeout set to 25 seconds.
[INFO ] 2025-06-14 11:37:06.394 [main] PageDriver-50 - All browser cookies deleted.
[INFO ] 2025-06-14 11:37:06.395 [main] PageDriver-51 - WebDriver initialization complete.
[INFO ] 2025-06-14 11:37:06.412 [main] BaseTest-23 - Navigating to url: 'https://automationexercise.com'
[INFO ] 2025-06-14 11:37:09.820 [main] ReportListeners-25 - ********** Execution of 'verifyAllProductsAndProductDetailsPage' test has started **********
[INFO ] 2025-06-14 11:37:09.822 [main] ReportListeners-26 - Test description -'Test Case 8: Verify All Products and product detail page'.
[INFO ] 2025-06-14 11:37:10.523 [main] HomePage-42 - Home page is visible.
[INFO ] 2025-06-14 11:37:12.664 [main] HomePage-139 - Clicked on Products Link.
[INFO ] 2025-06-14 11:37:13.124 [main] ProductsPage-36 - Products page is visible.
[INFO ] 2025-06-14 11:37:13.199 [main] ProductsPage-48 - Products list are visible.
[INFO ] 2025-06-14 11:37:13.284 [main] ProductsPage-243 - Scrolling to product with index 1
[INFO ] 2025-06-14 11:37:13.540 [main] ProductsPage-246 - Hovering over the product with index 1
[INFO ] 2025-06-14 11:37:15.791 [main] ProductsPage-248 - Clicking on the view product link of product with index 1
[INFO ] 2025-06-14 11:37:15.874 [main] ProductDetailsPage-35 - Product Details page is visible.
[INFO ] 2025-06-14 11:37:16.201 [main] ProductDetailsPage-97 - Product Name retrived is 'Blue Top'.
[INFO ] 2025-06-14 11:37:16.347 [main] ProductDetailsPage-108 - Product category retrived is 'Women > Tops'.
[INFO ] 2025-06-14 11:37:16.531 [main] ProductDetailsPage-119 - Product Price retrived is '500'.
[INFO ] 2025-06-14 11:37:16.684 [main] ProductDetailsPage-130 - Product Availability retrived is 'In Stock'.
[INFO ] 2025-06-14 11:37:16.824 [main] ProductDetailsPage-141 - Product Condition retrived is 'New'.
[INFO ] 2025-06-14 11:37:16.965 [main] ProductDetailsPage-152 - Product Brand retrived is 'Polo'.
[INFO ] 2025-06-14 11:37:16.996 [main] ReportListeners-31 - ********** Execution of 'verifyAllProductsAndProductDetailsPage' test has passed **********
[INFO ] 2025-06-14 11:37:17.003 [main] BaseTest-29 - Quitting the browser.
[INFO ] 2025-06-14 11:37:19.727 [main] PageDriver-27 - Chrome browser launched.
[INFO ] 2025-06-14 11:37:19.882 [main] PageDriver-44 - Browser maximised.
[INFO ] 2025-06-14 11:37:19.895 [main] PageDriver-46 - Implicit wait set to 15 seconds.
[INFO ] 2025-06-14 11:37:19.906 [main] PageDriver-48 - Page load timeout set to 25 seconds.
[INFO ] 2025-06-14 11:37:19.937 [main] PageDriver-50 - All browser cookies deleted.
[INFO ] 2025-06-14 11:37:19.938 [main] PageDriver-51 - WebDriver initialization complete.
[INFO ] 2025-06-14 11:37:19.941 [main] BaseTest-23 - Navigating to url: 'https://automationexercise.com'
[INFO ] 2025-06-14 11:37:23.164 [main] ReportListeners-25 - ********** Execution of 'verifyProductsRelatedToSearchAreVisible' test has started **********
[INFO ] 2025-06-14 11:37:23.165 [main] ReportListeners-26 - Test description -'Test Case 9: Search Product'.
[INFO ] 2025-06-14 11:37:23.681 [main] HomePage-42 - Home page is visible.
[INFO ] 2025-06-14 11:37:25.527 [main] HomePage-139 - Clicked on Products Link.
[INFO ] 2025-06-14 11:37:25.963 [main] ProductsPage-36 - Products page is visible.
[INFO ] 2025-06-14 11:37:26.349 [main] ProductsPage-87 - 'Men' entered in the search text box.
[INFO ] 2025-06-14 11:37:27.954 [main] ProductsPage-100 - Clicked on the Search button.
[INFO ] 2025-06-14 11:37:28.428 [main] ProductsPage-173 - Products found in the list : [Men Tshirt, Madame Top For Women, Lace Top For Women, GRAPHIC DESIGN MEN T SHIRT - BLUE]
[INFO ] 2025-06-14 11:37:28.429 [main] ReportListeners-31 - ********** Execution of 'verifyProductsRelatedToSearchAreVisible' test has passed **********
[INFO ] 2025-06-14 11:37:28.433 [main] BaseTest-29 - Quitting the browser.
[INFO ] 2025-06-14 11:37:31.206 [main] PageDriver-27 - Chrome browser launched.
[INFO ] 2025-06-14 11:37:31.378 [main] PageDriver-44 - Browser maximised.
[INFO ] 2025-06-14 11:37:31.392 [main] PageDriver-46 - Implicit wait set to 15 seconds.
[INFO ] 2025-06-14 11:37:31.411 [main] PageDriver-48 - Page load timeout set to 25 seconds.
[INFO ] 2025-06-14 11:37:31.437 [main] PageDriver-50 - All browser cookies deleted.
[INFO ] 2025-06-14 11:37:31.438 [main] PageDriver-51 - WebDriver initialization complete.
[INFO ] 2025-06-14 11:37:31.439 [main] BaseTest-23 - Navigating to url: 'https://automationexercise.com'
[INFO ] 2025-06-14 11:37:34.773 [main] ReportListeners-25 - ********** Execution of 'testToRegisterWhileCheckout' test has started **********
[INFO ] 2025-06-14 11:37:34.773 [main] ReportListeners-26 - Test description -'Test Case 14: Place Order: Register while Checkout.'.
[INFO ] 2025-06-14 11:37:35.431 [main] HomePage-42 - Home page is visible.
[INFO ] 2025-06-14 11:37:35.953 [main] HomePage-279 - Hovering over Product : 'Blue Top'.
[INFO ] 2025-06-14 11:37:36.546 [main] HomePage-284 - Clicked on Add to cart on product : 'Blue Top'.
[INFO ] 2025-06-14 11:37:36.989 [main] HomePage-286 - Clicked on continue shopping link.
[INFO ] 2025-06-14 11:37:37.016 [main] HomePage-288 - Products added to cart : '[Blue Top]'.
[INFO ] 2025-06-14 11:37:37.531 [main] HomePage-279 - Hovering over Product : 'Men Tshirt'.
[INFO ] 2025-06-14 11:37:38.001 [main] HomePage-284 - Clicked on Add to cart on product : 'Men Tshirt'.
[INFO ] 2025-06-14 11:37:38.517 [main] HomePage-286 - Clicked on continue shopping link.
[INFO ] 2025-06-14 11:37:38.564 [main] HomePage-288 - Products added to cart : '[Blue Top, Men Tshirt]'.
[INFO ] 2025-06-14 11:37:40.117 [main] HomePage-232 - Clicked on Cart Link.
[INFO ] 2025-06-14 11:37:40.118 [main] HomePage-233 - Navigating to Cart page.
[INFO ] 2025-06-14 11:37:40.733 [main] CartPage-269 - Clicked on Proceed To Checkout button.
[INFO ] 2025-06-14 11:37:42.227 [main] CartPage-281 - Clicked on Register / Login link.
[INFO ] 2025-06-14 11:37:42.894 [main] SignupLoginPage-155 - 'johndoe05' entered in the signup name text box.
[INFO ] 2025-06-14 11:37:43.164 [main] SignupLoginPage-168 - 'johndoe05@email.com' entered in the signup email text box.
[INFO ] 2025-06-14 11:37:43.427 [main] SignupLoginPage-181 - Clicked on the Signup button.
[INFO ] 2025-06-14 11:37:45.421 [main] SignupPage-49 - Clicked on the title: Mr
[INFO ] 2025-06-14 11:37:45.682 [main] SignupPage-61 - 'johndoe' entered in the password text box.
[INFO ] 2025-06-14 11:37:46.037 [main] SignupPage-75 - '15' selected in the day dropdown list box.
[INFO ] 2025-06-14 11:37:46.366 [main] SignupPage-89 - 'August' selected in the month dropdown list box.
[INFO ] 2025-06-14 11:37:46.664 [main] SignupPage-103 - '1990' selected in the year dropdown list box.
[INFO ] 2025-06-14 11:37:46.976 [main] SignupPage-117 - NewsLetter checkbox selected.
[INFO ] 2025-06-14 11:37:47.266 [main] SignupPage-133 - Speical offer checkbox selected.
[INFO ] 2025-06-14 11:37:47.589 [main] SignupPage-148 - 'John' entered in the firstName text box.
[INFO ] 2025-06-14 11:37:47.855 [main] SignupPage-161 - 'Doe' entered in the lastName text box.
[INFO ] 2025-06-14 11:37:48.260 [main] SignupPage-174 - 'The Lawrence Company' entered in the company text box.
[INFO ] 2025-06-14 11:37:48.619 [main] SignupPage-187 - '1379, Spring Hill Rd' entered in the address1 text box.
[INFO ] 2025-06-14 11:37:48.952 [main] SignupPage-200 - 'Farend avenue' entered in the address2 text box.
[INFO ] 2025-06-14 11:37:49.272 [main] SignupPage-214 - 'United States' selected in the country dropdown list box.
[INFO ] 2025-06-14 11:37:49.546 [main] SignupPage-227 - 'AR' entered in the state text box.
[INFO ] 2025-06-14 11:37:49.871 [main] SignupPage-239 - 'Shreveport' entered in the city text box.
[INFO ] 2025-06-14 11:37:50.195 [main] SignupPage-251 - '50576' entered in the zipcode text box.
[INFO ] 2025-06-14 11:37:50.495 [main] SignupPage-264 - '9999999999' entered in the mobile number text box.
[INFO ] 2025-06-14 11:37:53.131 [main] SignupPage-277 - Clicked on the Create Account button.
[INFO ] 2025-06-14 11:37:53.133 [main] SignupPage-278 - Navigating to Account created page.
[INFO ] 2025-06-14 11:37:53.446 [main] AccountCreatedPage-24 - Account created page header is displayed on the Account created page
[INFO ] 2025-06-14 11:37:53.550 [main] AccountCreatedPage-35 - Account created header text retrived is 'ACCOUNT CREATED!'.
[INFO ] 2025-06-14 11:37:56.005 [main] AccountCreatedPage-47 - Clicked on the Continue button.
[INFO ] 2025-06-14 11:37:56.006 [main] AccountCreatedPage-48 - Navigating to Home page.
[INFO ] 2025-06-14 11:37:56.082 [main] HomePage-90 - 'Logged in as username' label is displayed on home page.
[INFO ] 2025-06-14 11:37:56.274 [main] HomePage-101 - 'Logged in as username' text retrived is 'Logged in as johndoe05'.
[INFO ] 2025-06-14 11:37:57.792 [main] HomePage-232 - Clicked on Cart Link.
[INFO ] 2025-06-14 11:37:57.793 [main] HomePage-233 - Navigating to Cart page.
[INFO ] 2025-06-14 11:37:58.154 [main] CartPage-34 - Cart page is visible.
[INFO ] 2025-06-14 11:38:00.245 [main] CartPage-269 - Clicked on Proceed To Checkout button.
[INFO ] 2025-06-14 11:38:00.504 [main] CheckoutPage-24 - Customer name text retrived is 'Mr. John Doe'.
[INFO ] 2025-06-14 11:38:00.666 [main] CheckoutPage-35 - Customer company name text retrived is 'The Lawrence Company'.
[INFO ] 2025-06-14 11:38:00.779 [main] CheckoutPage-46 - Customer address1 text retrived is '1379, Spring Hill Rd'.
[INFO ] 2025-06-14 11:38:00.907 [main] CheckoutPage-57 - Customer address2 text retrived is 'Farend avenue'.
[INFO ] 2025-06-14 11:38:01.028 [main] CheckoutPage-68 - Customer City State Zipcode text retrived is 'Shreveport AR 50576'.
[INFO ] 2025-06-14 11:38:01.148 [main] CheckoutPage-79 - Customer country text retrived is 'United States'.
[INFO ] 2025-06-14 11:38:01.259 [main] CheckoutPage-90 - Customer mobile number text retrived is '9999999999'.
[INFO ] 2025-06-14 11:38:01.375 [main] CheckoutPage-127 - Price of 'Blue Top' is 'Rs. 500'.
[INFO ] 2025-06-14 11:38:01.491 [main] CheckoutPage-140 - Quantity of 'Blue Top' is '1'.
[INFO ] 2025-06-14 11:38:01.611 [main] CheckoutPage-153 - Total amount of 'Blue Top' is 'Rs. 500'.
[INFO ] 2025-06-14 11:38:01.734 [main] CheckoutPage-127 - Price of 'Men Tshirt' is 'Rs. 400'.
[INFO ] 2025-06-14 11:38:01.848 [main] CheckoutPage-140 - Quantity of 'Men Tshirt' is '1'.
[INFO ] 2025-06-14 11:38:01.965 [main] CheckoutPage-153 - Total amount of 'Men Tshirt' is 'Rs. 400'.
[INFO ] 2025-06-14 11:38:02.458 [main] CheckoutPage-102 - 'This is the sample comment on the checkoutpage.' entered in the comment text box.
[INFO ] 2025-06-14 11:38:03.985 [main] CheckoutPage-114 - Clicked on Place Order button.
[INFO ] 2025-06-14 11:38:04.594 [main] HomePage-43 - 'John Doe' entered in the Name on card text box.
[INFO ] 2025-06-14 11:38:04.919 [main] HomePage-56 - '6452789545625468' entered in the Card number text box.
[INFO ] 2025-06-14 11:38:05.173 [main] HomePage-69 - '311' entered in the cvc text box.
[INFO ] 2025-06-14 11:38:05.476 [main] HomePage-81 - '05' entered in the Expiry Month text box.
[INFO ] 2025-06-14 11:38:05.751 [main] HomePage-94 - '2026' entered in the Expiry Year text box.
[INFO ] 2025-06-14 11:38:08.489 [main] HomePage-107 - Clicked on the Pay And Confirm Order button.
[INFO ] 2025-06-14 11:38:08.490 [main] HomePage-108 - Navigating to Home page.
[INFO ] 2025-06-14 11:38:08.837 [main] PaymentDonePage-73 - Order confirmed message is displayed on the Payment done page
[INFO ] 2025-06-14 11:38:08.935 [main] PaymentDonePage-84 - Order confirmed message text retrived is 'Congratulations! Your order has been confirmed!'.
[INFO ] 2025-06-14 11:38:10.497 [main] HomePage-66 - Clicked on Delete Account Link.
[INFO ] 2025-06-14 11:38:10.498 [main] HomePage-67 - Navigating to Account deleted page.
[INFO ] 2025-06-14 11:38:12.668 [main] AccountDeletedPage-47 - Clicked on the Continue button.
[INFO ] 2025-06-14 11:38:12.669 [main] AccountDeletedPage-48 - Navigating to Home page.
[INFO ] 2025-06-14 11:38:13.045 [main] HomePage-42 - Home page is visible.
[INFO ] 2025-06-14 11:38:13.070 [main] ReportListeners-31 - ********** Execution of 'testToRegisterWhileCheckout' test has passed **********
[INFO ] 2025-06-14 11:38:13.076 [main] BaseTest-29 - Quitting the browser.
[INFO ] 2025-06-14 11:38:15.982 [main] PageDriver-27 - Chrome browser launched.
[INFO ] 2025-06-14 11:38:16.071 [main] PageDriver-44 - Browser maximised.
[INFO ] 2025-06-14 11:38:16.101 [main] PageDriver-46 - Implicit wait set to 15 seconds.
[INFO ] 2025-06-14 11:38:16.106 [main] PageDriver-48 - Page load timeout set to 25 seconds.
[INFO ] 2025-06-14 11:38:16.162 [main] PageDriver-50 - All browser cookies deleted.
[INFO ] 2025-06-14 11:38:16.164 [main] PageDriver-51 - WebDriver initialization complete.
[INFO ] 2025-06-14 11:38:16.165 [main] BaseTest-23 - Navigating to url: 'https://automationexercise.com'
[INFO ] 2025-06-14 11:38:17.295 [main] ReportListeners-25 - ********** Execution of 'testToRegisterBeforeCheckout' test has started **********
[INFO ] 2025-06-14 11:38:17.296 [main] ReportListeners-26 - Test description -'Test Case 15: Place Order: Register before Checkout'.
[INFO ] 2025-06-14 11:38:20.138 [main] HomePage-42 - Home page is visible.
[INFO ] 2025-06-14 11:38:21.771 [main] HomePage-54 - Clicked on Signup / Login Link.
[INFO ] 2025-06-14 11:38:22.454 [main] SignupLoginPage-155 - 'johndoe05' entered in the signup name text box.
[INFO ] 2025-06-14 11:38:22.729 [main] SignupLoginPage-168 - 'johndoe05@email.com' entered in the signup email text box.
[INFO ] 2025-06-14 11:38:24.329 [main] SignupLoginPage-181 - Clicked on the Signup button.
[INFO ] 2025-06-14 11:38:24.949 [main] SignupPage-49 - Clicked on the title: Mr
[INFO ] 2025-06-14 11:38:25.356 [main] SignupPage-61 - 'johndoe' entered in the password text box.
[INFO ] 2025-06-14 11:38:25.762 [main] SignupPage-75 - '15' selected in the day dropdown list box.
[INFO ] 2025-06-14 11:38:26.112 [main] SignupPage-89 - 'August' selected in the month dropdown list box.
[INFO ] 2025-06-14 11:38:26.448 [main] SignupPage-103 - '1990' selected in the year dropdown list box.
[INFO ] 2025-06-14 11:38:26.744 [main] SignupPage-117 - NewsLetter checkbox selected.
[INFO ] 2025-06-14 11:38:27.048 [main] SignupPage-133 - Speical offer checkbox selected.
[INFO ] 2025-06-14 11:38:27.312 [main] SignupPage-148 - 'John' entered in the firstName text box.
[INFO ] 2025-06-14 11:38:27.579 [main] SignupPage-161 - 'Doe' entered in the lastName text box.
[INFO ] 2025-06-14 11:38:27.976 [main] SignupPage-174 - 'The Lawrence Company' entered in the company text box.
[INFO ] 2025-06-14 11:38:28.390 [main] SignupPage-187 - '1379, Spring Hill Rd' entered in the address1 text box.
[INFO ] 2025-06-14 11:38:28.709 [main] SignupPage-200 - 'Farend avenue' entered in the address2 text box.
[INFO ] 2025-06-14 11:38:29.012 [main] SignupPage-214 - 'United States' selected in the country dropdown list box.
[INFO ] 2025-06-14 11:38:29.297 [main] SignupPage-227 - 'AR' entered in the state text box.
[INFO ] 2025-06-14 11:38:29.611 [main] SignupPage-239 - 'Shreveport' entered in the city text box.
[INFO ] 2025-06-14 11:38:29.920 [main] SignupPage-251 - '50576' entered in the zipcode text box.
[INFO ] 2025-06-14 11:38:30.227 [main] SignupPage-264 - '9999999999' entered in the mobile number text box.
[INFO ] 2025-06-14 11:38:30.508 [main] SignupPage-277 - Clicked on the Create Account button.
[INFO ] 2025-06-14 11:38:30.509 [main] SignupPage-278 - Navigating to Account created page.
[INFO ] 2025-06-14 11:38:33.210 [main] AccountCreatedPage-24 - Account created page header is displayed on the Account created page
[INFO ] 2025-06-14 11:38:33.332 [main] AccountCreatedPage-35 - Account created header text retrived is 'ACCOUNT CREATED!'.
[INFO ] 2025-06-14 11:38:35.862 [main] AccountCreatedPage-47 - Clicked on the Continue button.
[INFO ] 2025-06-14 11:38:35.865 [main] AccountCreatedPage-48 - Navigating to Home page.
[INFO ] 2025-06-14 11:38:36.123 [main] HomePage-90 - 'Logged in as username' label is displayed on home page.
[INFO ] 2025-06-14 11:38:36.227 [main] HomePage-101 - 'Logged in as username' text retrived is 'Logged in as johndoe05'.
[INFO ] 2025-06-14 11:38:36.714 [main] HomePage-279 - Hovering over Product : 'Blue Top'.
[INFO ] 2025-06-14 11:38:37.231 [main] HomePage-284 - Clicked on Add to cart on product : 'Blue Top'.
[INFO ] 2025-06-14 11:38:37.706 [main] HomePage-286 - Clicked on continue shopping link.
[INFO ] 2025-06-14 11:38:37.736 [main] HomePage-288 - Products added to cart : '[Blue Top]'.
[INFO ] 2025-06-14 11:38:38.158 [main] HomePage-279 - Hovering over Product : 'Men Tshirt'.
[INFO ] 2025-06-14 11:38:38.658 [main] HomePage-284 - Clicked on Add to cart on product : 'Men Tshirt'.
[INFO ] 2025-06-14 11:38:39.194 [main] HomePage-286 - Clicked on continue shopping link.
[INFO ] 2025-06-14 11:38:39.242 [main] HomePage-288 - Products added to cart : '[Blue Top, Men Tshirt]'.
[INFO ] 2025-06-14 11:38:40.746 [main] HomePage-232 - Clicked on Cart Link.
[INFO ] 2025-06-14 11:38:40.747 [main] HomePage-233 - Navigating to Cart page.
[INFO ] 2025-06-14 11:38:41.119 [main] CartPage-34 - Cart page is visible.
[INFO ] 2025-06-14 11:38:43.215 [main] CartPage-269 - Clicked on Proceed To Checkout button.
[INFO ] 2025-06-14 11:38:43.430 [main] CheckoutPage-24 - Customer name text retrived is 'Mr. John Doe'.
[INFO ] 2025-06-14 11:38:43.562 [main] CheckoutPage-35 - Customer company name text retrived is 'The Lawrence Company'.
[INFO ] 2025-06-14 11:38:43.674 [main] CheckoutPage-46 - Customer address1 text retrived is '1379, Spring Hill Rd'.
[INFO ] 2025-06-14 11:38:44.159 [main] CheckoutPage-57 - Customer address2 text retrived is 'Farend avenue'.
[INFO ] 2025-06-14 11:38:44.292 [main] CheckoutPage-68 - Customer City State Zipcode text retrived is 'Shreveport AR 50576'.
[INFO ] 2025-06-14 11:38:44.399 [main] CheckoutPage-79 - Customer country text retrived is 'United States'.
[INFO ] 2025-06-14 11:38:44.510 [main] CheckoutPage-90 - Customer mobile number text retrived is '9999999999'.
[INFO ] 2025-06-14 11:38:44.621 [main] CheckoutPage-127 - Price of 'Blue Top' is 'Rs. 500'.
[INFO ] 2025-06-14 11:38:44.730 [main] CheckoutPage-140 - Quantity of 'Blue Top' is '1'.
[INFO ] 2025-06-14 11:38:44.839 [main] CheckoutPage-153 - Total amount of 'Blue Top' is 'Rs. 500'.
[INFO ] 2025-06-14 11:38:44.951 [main] CheckoutPage-127 - Price of 'Men Tshirt' is 'Rs. 400'.
[INFO ] 2025-06-14 11:38:45.084 [main] CheckoutPage-140 - Quantity of 'Men Tshirt' is '1'.
[INFO ] 2025-06-14 11:38:45.201 [main] CheckoutPage-153 - Total amount of 'Men Tshirt' is 'Rs. 400'.
[INFO ] 2025-06-14 11:38:45.691 [main] CheckoutPage-102 - 'This is the sample comment on the checkoutpage.' entered in the comment text box.
[INFO ] 2025-06-14 11:38:47.058 [main] CheckoutPage-114 - Clicked on Place Order button.
[INFO ] 2025-06-14 11:38:47.597 [main] HomePage-43 - 'John Doe' entered in the Name on card text box.
[INFO ] 2025-06-14 11:38:47.915 [main] HomePage-56 - '6452789545625468' entered in the Card number text box.
[INFO ] 2025-06-14 11:38:48.161 [main] HomePage-69 - '311' entered in the cvc text box.
[INFO ] 2025-06-14 11:38:48.451 [main] HomePage-81 - '05' entered in the Expiry Month text box.
[INFO ] 2025-06-14 11:38:48.742 [main] HomePage-94 - '2026' entered in the Expiry Year text box.
[INFO ] 2025-06-14 11:38:51.473 [main] HomePage-107 - Clicked on the Pay And Confirm Order button.
[INFO ] 2025-06-14 11:38:51.473 [main] HomePage-108 - Navigating to Home page.
[INFO ] 2025-06-14 11:38:51.554 [main] PaymentDonePage-73 - Order confirmed message is displayed on the Payment done page
[INFO ] 2025-06-14 11:38:51.898 [main] PaymentDonePage-84 - Order confirmed message text retrived is 'Congratulations! Your order has been confirmed!'.
[INFO ] 2025-06-14 11:38:53.317 [main] HomePage-66 - Clicked on Delete Account Link.
[INFO ] 2025-06-14 11:38:53.317 [main] HomePage-67 - Navigating to Account deleted page.
[INFO ] 2025-06-14 11:38:55.842 [main] AccountDeletedPage-47 - Clicked on the Continue button.
[INFO ] 2025-06-14 11:38:55.843 [main] AccountDeletedPage-48 - Navigating to Home page.
[INFO ] 2025-06-14 11:38:55.900 [main] HomePage-42 - Home page is visible.
[INFO ] 2025-06-14 11:38:55.927 [main] ReportListeners-31 - ********** Execution of 'testToRegisterBeforeCheckout' test has passed **********
[INFO ] 2025-06-14 11:38:55.938 [main] BaseTest-29 - Quitting the browser.
[INFO ] 2025-06-14 11:38:58.724 [main] PageDriver-27 - Chrome browser launched.
[INFO ] 2025-06-14 11:38:58.879 [main] PageDriver-44 - Browser maximised.
[INFO ] 2025-06-14 11:38:58.920 [main] PageDriver-46 - Implicit wait set to 15 seconds.
[INFO ] 2025-06-14 11:38:58.930 [main] PageDriver-48 - Page load timeout set to 25 seconds.
[INFO ] 2025-06-14 11:38:58.986 [main] PageDriver-50 - All browser cookies deleted.
[INFO ] 2025-06-14 11:38:58.987 [main] PageDriver-51 - WebDriver initialization complete.
[INFO ] 2025-06-14 11:38:58.990 [main] BaseTest-23 - Navigating to url: 'https://automationexercise.com'
[INFO ] 2025-06-14 11:39:02.523 [main] ReportListeners-25 - ********** Execution of 'testToLoginBeforeCheckout' test has started **********
[INFO ] 2025-06-14 11:39:02.523 [main] ReportListeners-26 - Test description -'Test Case 16: Place Order: Login before Checkout'.
[INFO ] 2025-06-14 11:39:02.525 [main] BaseTest-34 - Creating user 'johndoe04' for testing.
[INFO ] 2025-06-14 11:39:04.816 [main] HomePage-54 - Clicked on Signup / Login Link.
[INFO ] 2025-06-14 11:39:05.456 [main] SignupLoginPage-155 - 'johndoe04' entered in the signup name text box.
[INFO ] 2025-06-14 11:39:05.736 [main] SignupLoginPage-168 - 'johndoe04@email.com' entered in the signup email text box.
[INFO ] 2025-06-14 11:39:07.505 [main] SignupLoginPage-181 - Clicked on the Signup button.
[INFO ] 2025-06-14 11:39:08.272 [main] SignupPage-49 - Clicked on the title: Mr
[INFO ] 2025-06-14 11:39:08.542 [main] SignupPage-61 - 'johndoe' entered in the password text box.
[INFO ] 2025-06-14 11:39:08.903 [main] SignupPage-75 - '15' selected in the day dropdown list box.
[INFO ] 2025-06-14 11:39:09.267 [main] SignupPage-89 - 'August' selected in the month dropdown list box.
[INFO ] 2025-06-14 11:39:09.762 [main] SignupPage-103 - '1990' selected in the year dropdown list box.
[INFO ] 2025-06-14 11:39:10.043 [main] SignupPage-117 - NewsLetter checkbox selected.
[INFO ] 2025-06-14 11:39:10.323 [main] SignupPage-133 - Speical offer checkbox selected.
[INFO ] 2025-06-14 11:39:10.576 [main] SignupPage-148 - 'John' entered in the firstName text box.
[INFO ] 2025-06-14 11:39:10.841 [main] SignupPage-161 - 'Doe' entered in the lastName text box.
[INFO ] 2025-06-14 11:39:11.223 [main] SignupPage-174 - 'The Lawrence Company' entered in the company text box.
[INFO ] 2025-06-14 11:39:11.591 [main] SignupPage-187 - '1379, Spring Hill Rd' entered in the address1 text box.
[INFO ] 2025-06-14 11:39:11.903 [main] SignupPage-200 - 'Farend avenue' entered in the address2 text box.
[INFO ] 2025-06-14 11:39:12.205 [main] SignupPage-214 - 'United States' selected in the country dropdown list box.
[INFO ] 2025-06-14 11:39:12.468 [main] SignupPage-227 - 'AR' entered in the state text box.
[INFO ] 2025-06-14 11:39:12.777 [main] SignupPage-239 - 'Shreveport' entered in the city text box.
[INFO ] 2025-06-14 11:39:13.063 [main] SignupPage-251 - '50576' entered in the zipcode text box.
[INFO ] 2025-06-14 11:39:13.370 [main] SignupPage-264 - '9999999999' entered in the mobile number text box.
[INFO ] 2025-06-14 11:39:15.961 [main] SignupPage-277 - Clicked on the Create Account button.
[INFO ] 2025-06-14 11:39:15.961 [main] SignupPage-278 - Navigating to Account created page.
[INFO ] 2025-06-14 11:39:18.835 [main] AccountCreatedPage-47 - Clicked on the Continue button.
[INFO ] 2025-06-14 11:39:18.835 [main] AccountCreatedPage-48 - Navigating to Home page.
[INFO ] 2025-06-14 11:39:20.554 [main] HomePage-113 - Clicked on Logout Link.
[INFO ] 2025-06-14 11:39:20.554 [main] HomePage-114 - Navigating to Signup / Login page.
[INFO ] 2025-06-14 11:39:22.648 [main] SignupLoginPage-216 - Clicked on Home Link.
[INFO ] 2025-06-14 11:39:23.017 [main] HomePage-42 - Home page is visible.
[INFO ] 2025-06-14 11:39:24.286 [main] HomePage-54 - Clicked on Signup / Login Link.
[INFO ] 2025-06-14 11:39:24.970 [main] SignupLoginPage-60 - 'johndoe04@email.com' entered in the login email text box.
[INFO ] 2025-06-14 11:39:25.212 [main] SignupLoginPage-73 - 'johndoe' entered in the login password text box.
[INFO ] 2025-06-14 11:39:27.572 [main] SignupLoginPage-86 - Clicked on the Login button.
[INFO ] 2025-06-14 11:39:27.651 [main] HomePage-90 - 'Logged in as username' label is displayed on home page.
[INFO ] 2025-06-14 11:39:27.910 [main] HomePage-101 - 'Logged in as username' text retrived is 'Logged in as johndoe04'.
[INFO ] 2025-06-14 11:39:29.613 [main] HomePage-139 - Clicked on Products Link.
[INFO ] 2025-06-14 11:39:30.453 [main] ProductsPage-119 - Hovering over Product : 'Blue Top'.
[INFO ] 2025-06-14 11:39:30.846 [main] ProductsPage-121 - Clicked on Add to cart on product : 'Blue Top'.
[INFO ] 2025-06-14 11:39:31.336 [main] ProductsPage-123 - Clicked on continue shopping link.
[INFO ] 2025-06-14 11:39:31.361 [main] ProductsPage-125 - Products added to cart : '[Blue Top]'.
[INFO ] 2025-06-14 11:39:31.811 [main] ProductsPage-119 - Hovering over Product : 'Men Tshirt'.
[INFO ] 2025-06-14 11:39:32.277 [main] ProductsPage-121 - Clicked on Add to cart on product : 'Men Tshirt'.
[INFO ] 2025-06-14 11:39:33.151 [main] ProductsPage-123 - Clicked on continue shopping link.
[INFO ] 2025-06-14 11:39:33.248 [main] ProductsPage-125 - Products added to cart : '[Blue Top, Men Tshirt]'.
[INFO ] 2025-06-14 11:39:34.952 [main] ProductsPage-218 - Clicked on the Cart link.
[INFO ] 2025-06-14 11:39:35.344 [main] CartPage-34 - Cart page is visible.
[INFO ] 2025-06-14 11:39:36.942 [main] CartPage-269 - Clicked on Proceed To Checkout button.
[INFO ] 2025-06-14 11:39:37.379 [main] CheckoutPage-24 - Customer name text retrived is 'Mr. John Doe'.
[INFO ] 2025-06-14 11:39:37.495 [main] CheckoutPage-35 - Customer company name text retrived is 'The Lawrence Company'.
[INFO ] 2025-06-14 11:39:37.621 [main] CheckoutPage-46 - Customer address1 text retrived is '1379, Spring Hill Rd'.
[INFO ] 2025-06-14 11:39:37.761 [main] CheckoutPage-57 - Customer address2 text retrived is 'Farend avenue'.
[INFO ] 2025-06-14 11:39:37.872 [main] CheckoutPage-68 - Customer City State Zipcode text retrived is 'Shreveport AR 50576'.
[INFO ] 2025-06-14 11:39:38.003 [main] CheckoutPage-79 - Customer country text retrived is 'United States'.
[INFO ] 2025-06-14 11:39:38.182 [main] CheckoutPage-90 - Customer mobile number text retrived is '9999999999'.
[INFO ] 2025-06-14 11:39:38.317 [main] CheckoutPage-127 - Price of 'Blue Top' is 'Rs. 500'.
[INFO ] 2025-06-14 11:39:38.435 [main] CheckoutPage-140 - Quantity of 'Blue Top' is '1'.
[INFO ] 2025-06-14 11:39:38.547 [main] CheckoutPage-153 - Total amount of 'Blue Top' is 'Rs. 500'.
[INFO ] 2025-06-14 11:39:38.659 [main] CheckoutPage-127 - Price of 'Men Tshirt' is 'Rs. 400'.
[INFO ] 2025-06-14 11:39:38.771 [main] CheckoutPage-140 - Quantity of 'Men Tshirt' is '1'.
[INFO ] 2025-06-14 11:39:38.883 [main] CheckoutPage-153 - Total amount of 'Men Tshirt' is 'Rs. 400'.
[INFO ] 2025-06-14 11:39:39.370 [main] CheckoutPage-102 - 'This is the sample comment on the checkoutpage.' entered in the comment text box.
[INFO ] 2025-06-14 11:39:40.822 [main] CheckoutPage-114 - Clicked on Place Order button.
[INFO ] 2025-06-14 11:39:41.387 [main] HomePage-43 - 'John Doe' entered in the Name on card text box.
[INFO ] 2025-06-14 11:39:41.730 [main] HomePage-56 - '6452789545625468' entered in the Card number text box.
[INFO ] 2025-06-14 11:39:41.964 [main] HomePage-69 - '311' entered in the cvc text box.
[INFO ] 2025-06-14 11:39:42.222 [main] HomePage-81 - '05' entered in the Expiry Month text box.
[INFO ] 2025-06-14 11:39:42.504 [main] HomePage-94 - '2026' entered in the Expiry Year text box.
[INFO ] 2025-06-14 11:39:45.210 [main] HomePage-107 - Clicked on the Pay And Confirm Order button.
[INFO ] 2025-06-14 11:39:45.211 [main] HomePage-108 - Navigating to Home page.
[INFO ] 2025-06-14 11:39:45.532 [main] PaymentDonePage-73 - Order confirmed message is displayed on the Payment done page
[INFO ] 2025-06-14 11:39:45.623 [main] PaymentDonePage-84 - Order confirmed message text retrived is 'Congratulations! Your order has been confirmed!'.
[INFO ] 2025-06-14 11:39:47.031 [main] HomePage-66 - Clicked on Delete Account Link.
[INFO ] 2025-06-14 11:39:47.035 [main] HomePage-67 - Navigating to Account deleted page.
[INFO ] 2025-06-14 11:39:49.249 [main] AccountDeletedPage-47 - Clicked on the Continue button.
[INFO ] 2025-06-14 11:39:49.249 [main] AccountDeletedPage-48 - Navigating to Home page.
[INFO ] 2025-06-14 11:39:49.310 [main] HomePage-42 - Home page is visible.
[INFO ] 2025-06-14 11:39:49.334 [main] ReportListeners-31 - ********** Execution of 'testToLoginBeforeCheckout' test has passed **********
[INFO ] 2025-06-14 11:39:49.340 [main] BaseTest-29 - Quitting the browser.
[INFO ] 2025-06-14 11:39:52.062 [main] PageDriver-27 - Chrome browser launched.
[INFO ] 2025-06-14 11:39:52.204 [main] PageDriver-44 - Browser maximised.
[INFO ] 2025-06-14 11:39:52.223 [main] PageDriver-46 - Implicit wait set to 15 seconds.
[INFO ] 2025-06-14 11:39:52.243 [main] PageDriver-48 - Page load timeout set to 25 seconds.
[INFO ] 2025-06-14 11:39:52.269 [main] PageDriver-50 - All browser cookies deleted.
[INFO ] 2025-06-14 11:39:52.269 [main] PageDriver-51 - WebDriver initialization complete.
[INFO ] 2025-06-14 11:39:52.274 [main] BaseTest-23 - Navigating to url: 'https://automationexercise.com'
[INFO ] 2025-06-14 11:39:55.531 [main] ReportListeners-25 - ********** Execution of 'testToVerifyProductQuantityInCart' test has started **********
[INFO ] 2025-06-14 11:39:55.531 [main] ReportListeners-26 - Test description -'Test to verify quantity of the product in the cart.'.
[INFO ] 2025-06-14 11:39:55.787 [main] HomePage-42 - Home page is visible.
[INFO ] 2025-06-14 11:39:56.300 [main] HomePage-245 - Scrolling to products : Blue Top
[INFO ] 2025-06-14 11:39:56.521 [main] HomePage-251 - Hovering over the product : Blue Top
[INFO ] 2025-06-14 11:39:58.187 [main] HomePage-255 - Clicking on the view product link of product : Blue Top
[INFO ] 2025-06-14 11:39:58.421 [main] ProductDetailsPage-35 - Product Details page is visible.
[INFO ] 2025-06-14 11:39:59.042 [main] ProductDetailsPage-47 - Quantity text box cleared.
[INFO ] 2025-06-14 11:39:59.267 [main] ProductDetailsPage-49 - '4' entered in the quantity text box.
[INFO ] 2025-06-14 11:39:59.603 [main] ProductDetailsPage-62 - Clicked on the Add to Cart button.
[INFO ] 2025-06-14 11:40:02.209 [main] ProductDetailsPage-86 - Clicked on the View Cart button.
[INFO ] 2025-06-14 11:40:02.416 [main] CartPage-158 - Quantity of 'Blue Top' is '4'.
[INFO ] 2025-06-14 11:40:02.445 [main] ReportListeners-31 - ********** Execution of 'testToVerifyProductQuantityInCart' test has passed **********
[INFO ] 2025-06-14 11:40:02.452 [main] BaseTest-29 - Quitting the browser.
[INFO ] 2025-06-14 11:40:05.248 [main] PageDriver-27 - Chrome browser launched.
[INFO ] 2025-06-14 11:40:05.464 [main] PageDriver-44 - Browser maximised.
[INFO ] 2025-06-14 11:40:05.476 [main] PageDriver-46 - Implicit wait set to 15 seconds.
[INFO ] 2025-06-14 11:40:05.482 [main] PageDriver-48 - Page load timeout set to 25 seconds.
[INFO ] 2025-06-14 11:40:05.509 [main] PageDriver-50 - All browser cookies deleted.
[INFO ] 2025-06-14 11:40:05.510 [main] PageDriver-51 - WebDriver initialization complete.
[INFO ] 2025-06-14 11:40:05.510 [main] BaseTest-23 - Navigating to url: 'https://automationexercise.com'
[INFO ] 2025-06-14 11:40:06.678 [main] ReportListeners-25 - ********** Execution of 'testToRemoveProductsFromCart' test has started **********
[INFO ] 2025-06-14 11:40:06.679 [main] ReportListeners-26 - Test description -'Test Case 17: Remove Products From Cart.'.
[INFO ] 2025-06-14 11:40:09.148 [main] HomePage-42 - Home page is visible.
[INFO ] 2025-06-14 11:40:11.916 [main] HomePage-139 - Clicked on Products Link.
[INFO ] 2025-06-14 11:40:12.601 [main] ProductsPage-119 - Hovering over Product : 'Blue Top'.
[INFO ] 2025-06-14 11:40:13.095 [main] ProductsPage-121 - Clicked on Add to cart on product : 'Blue Top'.
[INFO ] 2025-06-14 11:40:13.630 [main] ProductsPage-123 - Clicked on continue shopping link.
[INFO ] 2025-06-14 11:40:13.658 [main] ProductsPage-125 - Products added to cart : '[Blue Top]'.
[INFO ] 2025-06-14 11:40:14.070 [main] ProductsPage-119 - Hovering over Product : 'Men Tshirt'.
[INFO ] 2025-06-14 11:40:14.539 [main] ProductsPage-121 - Clicked on Add to cart on product : 'Men Tshirt'.
[INFO ] 2025-06-14 11:40:15.008 [main] ProductsPage-123 - Clicked on continue shopping link.
[INFO ] 2025-06-14 11:40:15.045 [main] ProductsPage-125 - Products added to cart : '[Blue Top, Men Tshirt]'.
[INFO ] 2025-06-14 11:40:16.925 [main] ProductsPage-218 - Clicked on the Cart link.
[INFO ] 2025-06-14 11:40:17.332 [main] CartPage-34 - Cart page is visible.
[INFO ] 2025-06-14 11:40:17.640 [main] CartPage-201 - Clicked on the 'X' button on the cart for product : 'Blue Top'.
[INFO ] 2025-06-14 11:40:17.641 [main] CartPage-202 - 'Blue Top' removed from the cart.
[INFO ] 2025-06-14 11:40:17.948 [main] CartPage-201 - Clicked on the 'X' button on the cart for product : 'Men Tshirt'.
[INFO ] 2025-06-14 11:40:17.949 [main] CartPage-202 - 'Men Tshirt' removed from the cart.
[INFO ] 2025-06-14 11:40:17.950 [main] CartPage-210 - Products removed from the list : [Blue Top, Men Tshirt]
[INFO ] 2025-06-14 11:40:33.603 [main] CartPage-219 - Cart is empty.
[INFO ] 2025-06-14 11:40:33.603 [main] ReportListeners-31 - ********** Execution of 'testToRemoveProductsFromCart' test has passed **********
[INFO ] 2025-06-14 11:40:33.608 [main] BaseTest-29 - Quitting the browser.
[INFO ] 2025-06-14 11:40:38.186 [main] PageDriver-27 - Chrome browser launched.
[INFO ] 2025-06-14 11:40:38.280 [main] PageDriver-44 - Browser maximised.
[INFO ] 2025-06-14 11:40:38.291 [main] PageDriver-46 - Implicit wait set to 15 seconds.
[INFO ] 2025-06-14 11:40:38.322 [main] PageDriver-48 - Page load timeout set to 25 seconds.
[INFO ] 2025-06-14 11:40:38.354 [main] PageDriver-50 - All browser cookies deleted.
[INFO ] 2025-06-14 11:40:38.355 [main] PageDriver-51 - WebDriver initialization complete.
[INFO ] 2025-06-14 11:40:38.356 [main] BaseTest-23 - Navigating to url: 'https://automationexercise.com'
[INFO ] 2025-06-14 11:40:41.964 [main] ReportListeners-25 - ********** Execution of 'verifySubscriptionInCartPage' test has started **********
[INFO ] 2025-06-14 11:40:41.965 [main] ReportListeners-26 - Test description -'Test Case 11: Verify Subscription in Cart page'.
[INFO ] 2025-06-14 11:40:42.630 [main] HomePage-42 - Home page is visible.
[INFO ] 2025-06-14 11:40:44.163 [main] HomePage-232 - Clicked on Cart Link.
[INFO ] 2025-06-14 11:40:44.163 [main] HomePage-233 - Navigating to Cart page.
[INFO ] 2025-06-14 11:40:44.425 [main] CartPage-132 - Scrolling to footer section.
[INFO ] 2025-06-14 11:40:44.610 [main] CartPage-62 - 'Subscription' label is displayed on cart page.
[INFO ] 2025-06-14 11:40:44.722 [main] CartPage-73 - Subscription label text retrived is 'SUBSCRIPTION'.
[INFO ] 2025-06-14 11:40:45.084 [main] CartPage-97 - 'johndoe01@email.com' entered in the subscription email text box.
[INFO ] 2025-06-14 11:40:45.359 [main] CartPage-85 - Clicked on Subscribe button.
[INFO ] 2025-06-14 11:40:45.421 [main] CartPage-109 - Subscription success label is displayed on cart page.
[INFO ] 2025-06-14 11:40:45.515 [main] CartPage-120 - Subscription success message text retrived is 'You have been successfully subscribed!'.
[INFO ] 2025-06-14 11:40:45.539 [main] ReportListeners-31 - ********** Execution of 'verifySubscriptionInCartPage' test has passed **********
[INFO ] 2025-06-14 11:40:45.545 [main] BaseTest-29 - Quitting the browser.
[INFO ] 2025-06-14 11:40:48.120 [main] PageDriver-27 - Chrome browser launched.
[INFO ] 2025-06-14 11:40:48.256 [main] PageDriver-44 - Browser maximised.
[INFO ] 2025-06-14 11:40:48.268 [main] PageDriver-46 - Implicit wait set to 15 seconds.
[INFO ] 2025-06-14 11:40:48.284 [main] PageDriver-48 - Page load timeout set to 25 seconds.
[INFO ] 2025-06-14 11:40:48.312 [main] PageDriver-50 - All browser cookies deleted.
[INFO ] 2025-06-14 11:40:48.313 [main] PageDriver-51 - WebDriver initialization complete.
[INFO ] 2025-06-14 11:40:48.314 [main] BaseTest-23 - Navigating to url: 'https://automationexercise.com'
[INFO ] 2025-06-14 11:40:51.486 [main] ReportListeners-25 - ********** Execution of 'verifySubscriptionInHomePage' test has started **********
[INFO ] 2025-06-14 11:40:51.486 [main] ReportListeners-26 - Test description -'Test Case 10: Verify Subscription in home page'.
[INFO ] 2025-06-14 11:40:52.218 [main] HomePage-42 - Home page is visible.
[INFO ] 2025-06-14 11:40:52.344 [main] HomePage-220 - Scrolling to footer section.
[INFO ] 2025-06-14 11:40:52.474 [main] HomePage-150 - 'Subscription' label is displayed on home page.
[INFO ] 2025-06-14 11:40:52.602 [main] HomePage-161 - Subscription label text retrived is 'SUBSCRIPTION'.
[INFO ] 2025-06-14 11:40:53.161 [main] HomePage-185 - 'johndoe01@email.com' entered in the subscription email text box.
[INFO ] 2025-06-14 11:40:53.566 [main] HomePage-173 - Clicked on Subscribe button.
[INFO ] 2025-06-14 11:40:53.649 [main] HomePage-197 - Subscription success label is displayed on home page.
[INFO ] 2025-06-14 11:40:53.789 [main] HomePage-208 - Subscription success message text retrived is 'You have been successfully subscribed!'.
[INFO ] 2025-06-14 11:40:53.857 [main] ReportListeners-31 - ********** Execution of 'verifySubscriptionInHomePage' test has passed **********
[INFO ] 2025-06-14 11:40:53.864 [main] BaseTest-29 - Quitting the browser.
[INFO ] 2025-06-14 11:40:56.529 [main] PageDriver-27 - Chrome browser launched.
[INFO ] 2025-06-14 11:40:56.630 [main] PageDriver-44 - Browser maximised.
[INFO ] 2025-06-14 11:40:56.644 [main] PageDriver-46 - Implicit wait set to 15 seconds.
[INFO ] 2025-06-14 11:40:56.657 [main] PageDriver-48 - Page load timeout set to 25 seconds.
[INFO ] 2025-06-14 11:40:56.679 [main] PageDriver-50 - All browser cookies deleted.
[INFO ] 2025-06-14 11:40:56.680 [main] PageDriver-51 - WebDriver initialization complete.
[INFO ] 2025-06-14 11:40:56.680 [main] BaseTest-23 - Navigating to url: 'https://automationexercise.com'
[INFO ] 2025-06-14 11:40:57.801 [main] ReportListeners-25 - ********** Execution of 'testToVerifyTestCasesPage' test has started **********
[INFO ] 2025-06-14 11:40:57.801 [main] ReportListeners-26 - Test description -'Test Case 7: Verify Test Cases Page'.
[INFO ] 2025-06-14 11:41:02.404 [main] HomePage-79 - Clicked on Test cases Link.
[INFO ] 2025-06-14 11:41:02.817 [main] TestCasesPage-23 - Test cases is visible.
[INFO ] 2025-06-14 11:41:02.840 [main] ReportListeners-31 - ********** Execution of 'testToVerifyTestCasesPage' test has passed **********
[INFO ] 2025-06-14 11:41:02.844 [main] BaseTest-29 - Quitting the browser.
[INFO ] 2025-06-14 11:41:05.569 [main] PageDriver-27 - Chrome browser launched.
[INFO ] 2025-06-14 11:41:05.695 [main] PageDriver-44 - Browser maximised.
[INFO ] 2025-06-14 11:41:05.711 [main] PageDriver-46 - Implicit wait set to 15 seconds.
[INFO ] 2025-06-14 11:41:05.719 [main] PageDriver-48 - Page load timeout set to 25 seconds.
[INFO ] 2025-06-14 11:41:05.753 [main] PageDriver-50 - All browser cookies deleted.
[INFO ] 2025-06-14 11:41:05.754 [main] PageDriver-51 - WebDriver initialization complete.
[INFO ] 2025-06-14 11:41:05.755 [main] BaseTest-23 - Navigating to url: 'https://automationexercise.com'
[INFO ] 2025-06-14 11:41:09.620 [main] ReportListeners-25 - ********** Execution of 'testContactUsForm' test has started **********
[INFO ] 2025-06-14 11:41:09.621 [main] ReportListeners-26 - Test description -'Test Case 6: Contact Us Form'.
[INFO ] 2025-06-14 11:41:10.292 [main] HomePage-42 - Home page is visible.
[INFO ] 2025-06-14 11:41:12.214 [main] HomePage-126 - Clicked on Contact us Link.
[INFO ] 2025-06-14 11:41:12.215 [main] HomePage-127 - Navigating to Contact us page.
[INFO ] 2025-06-14 11:41:13.047 [main] ContactUsPage-107 - Contact us form header is displayed on the Contact us page
[INFO ] 2025-06-14 11:41:13.276 [main] ContactUsPage-118 - Contact us form header text retrived is 'GET IN TOUCH'.
[INFO ] 2025-06-14 11:41:14.065 [main] ContactUsPage-33 - 'john Doe' entered in the name text box.
[INFO ] 2025-06-14 11:41:14.849 [main] ContactUsPage-45 - 'jackdoe@email.com' entered in the email text box.
[INFO ] 2025-06-14 11:41:15.180 [main] ContactUsPage-57 - 'This is the sample Subject.' entered in the subject text box.
[INFO ] 2025-06-14 11:41:15.711 [main] ContactUsPage-70 - 'This is the sample message body' entered in the Message text box.
[INFO ] 2025-06-14 11:41:15.909 [main] ContactUsPage-83 - 'C:\Software_Testing\github-projects\eclipse-workspace\ae-selenium-automation-framework\src\test\resources\testData\Sample.txt' entered in the choose file text box.
[INFO ] 2025-06-14 11:41:16.327 [main] ContactUsPage-96 - Clicked on the Submit button.
[INFO ] 2025-06-14 11:41:16.377 [main] SeleniumUtils-21 - Switching to Alert popup.
[INFO ] 2025-06-14 11:41:16.427 [main] SeleniumUtils-32 - Clicked on 'Ok' on Alert popup.
[INFO ] 2025-06-14 11:41:16.549 [main] ContactUsPage-147 - Success message is displayed on the Contact us page
[INFO ] 2025-06-14 11:41:16.704 [main] ContactUsPage-158 - Success message text on Contact us page retrived is 'Success! Your details have been submitted successfully.'.
[INFO ] 2025-06-14 11:41:19.972 [main] ContactUsPage-136 - Clicked on the Home button.
[INFO ] 2025-06-14 11:41:20.034 [main] HomePage-42 - Home page is visible.
[INFO ] 2025-06-14 11:41:20.139 [main] ReportListeners-31 - ********** Execution of 'testContactUsForm' test has passed **********
[INFO ] 2025-06-14 11:41:20.145 [main] BaseTest-29 - Quitting the browser.
